{"level":"info","message":"Course cmfvnl9h30004v54wi8buntlr cached.","service":"user-service"}
{"level":"info","message":"Course cmfvnl9h30004v54wi8buntlr found in cache.","service":"user-service"}
{"level":"info","message":"Course cmfvnl9h30004v54wi8buntlr found in cache.","service":"user-service"}
{"level":"info","message":"Course cmfvnl9h30004v54wi8buntlr found in cache.","service":"user-service"}
{"level":"info","message":"Course cmfvnl9h30004v54wi8buntlr found in cache.","service":"user-service"}
{"level":"info","message":"Course cmfvnl9h30004v54wi8buntlr found in cache.","service":"user-service"}
{"level":"info","message":"Course cmfvnl9h30004v54wi8buntlr found in cache.","service":"user-service"}
{"level":"info","message":"Course cmfvnl9h30004v54wi8buntlr found in cache.","service":"user-service"}
{"level":"info","message":"Course cmfvnl9h30004v54wi8buntlr found in cache.","service":"user-service"}
{"level":"info","message":"Course cmfvnl9h30004v54wi8buntlr found in cache.","service":"user-service"}
{"level":"info","message":"Course cmfvnl9h30004v54wi8buntlr found in cache.","service":"user-service"}
{"level":"info","message":"Course cmfvnl9h30004v54wi8buntlr found in cache.","service":"user-service"}
{"level":"info","message":"Course cmfvnl9h30004v54wi8buntlr found in cache.","service":"user-service"}
{"level":"info","message":"Course cmfvouaof0009v54wp4371v11 cached.","service":"user-service"}
{"level":"info","message":"Course cmfvouaof0009v54wp4371v11 found in cache.","service":"user-service"}
{"level":"info","message":"Course cmfvnl9h30004v54wi8buntlr cached.","service":"user-service"}
{"level":"info","message":"Course cmfvnl9h30004v54wi8buntlr found in cache.","service":"user-service"}
{"level":"info","message":"Course cmfvnl9h30004v54wi8buntlr cached.","service":"user-service"}
{"level":"info","message":"Course cmfvnl9h30004v54wi8buntlr found in cache.","service":"user-service"}
{"level":"info","message":"Course cmfvnl9h30004v54wi8buntlr found in cache.","service":"user-service"}
{"level":"info","message":"Course cmfvnl9h30004v54wi8buntlr found in cache.","service":"user-service"}
{"level":"info","message":"Course cmfvnl9h30004v54wi8buntlr found in cache.","service":"user-service"}
{"level":"info","message":"Course cmfvnl9h30004v54wi8buntlr found in cache.","service":"user-service"}
{"level":"info","message":"Course cmfvnl9h30004v54wi8buntlr found in cache.","service":"user-service"}
{"level":"info","message":"Course cmfvnl9h30004v54wi8buntlr found in cache.","service":"user-service"}
{"level":"info","message":"Course cmfvnl9h30004v54wi8buntlr found in cache.","service":"user-service"}
{"level":"info","message":"Course cmfvnl9h30004v54wi8buntlr cached.","service":"user-service"}
{"level":"info","message":"Course cmfvnl9h30004v54wi8buntlr found in cache.","service":"user-service"}
{"level":"info","message":"Course cmfvnl9h30004v54wi8buntlr found in cache.","service":"user-service"}
{"level":"info","message":"Course cmfvnl9h30004v54wi8buntlr found in cache.","service":"user-service"}
{"level":"info","message":"Cache for course cmfvnl9h30004v54wi8buntlr invalidated.","service":"user-service"}
{"level":"info","message":"Course cmfvnl9h30004v54wi8buntlr cached.","service":"user-service"}
{"level":"info","message":"Course cmfvouaof0009v54wp4371v11 cached.","service":"user-service"}
{"level":"info","message":"Course cmfvouaof0009v54wp4371v11 found in cache.","service":"user-service"}
{"level":"info","message":"Cache for course cmfvouaof0009v54wp4371v11 invalidated.","service":"user-service"}
{"level":"info","message":"Course cmfvouaof0009v54wp4371v11 cached.","service":"user-service"}
{"level":"info","message":"Cache for course cmfvouhzs003xv54w281ed9q1 invalidated.","service":"user-service"}
{"level":"info","message":"Cache for course cmfvnl9h30004v54wi8buntlr invalidated.","service":"user-service"}
{"level":"info","message":"Cache for course cmfvouaof0009v54wp4371v11 invalidated.","service":"user-service"}
{"level":"info","message":"Course cmfvouc4w000av54wbumjsw04 cached.","service":"user-service"}
{"level":"info","message":"Course cmfvouc4w000av54wbumjsw04 found in cache.","service":"user-service"}
{"level":"info","message":"Course cmfvouc4w000av54wbumjsw04 cached.","service":"user-service"}
{"level":"info","message":"Course cmfvouc4w000av54wbumjsw04 found in cache.","service":"user-service"}
{"level":"info","message":"Course cmfvouc4w000av54wbumjsw04 found in cache.","service":"user-service"}
{"level":"info","message":"Course cmfvouc4w000av54wbumjsw04 found in cache.","service":"user-service"}
{"level":"info","message":"Course cmfvouc4w000av54wbumjsw04 found in cache.","service":"user-service"}
{"level":"info","message":"Course cmfvouc4w000av54wbumjsw04 found in cache.","service":"user-service"}
{"level":"info","message":"Cache for course cmfvrpnpb0004v5vkc5om4zdx invalidated.","service":"user-service"}
{"level":"info","message":"Cache for course cmfvrqb34002rv5vkxrip4qb2 invalidated.","service":"user-service"}
{"level":"info","message":"Cache for course cmfvrqheu002uv5vkfijrb8js invalidated.","service":"user-service"}
{"level":"info","message":"Course cmfvouc4w000av54wbumjsw04 found in cache.","service":"user-service"}
{"level":"info","message":"Course cmfvouc4w000av54wbumjsw04 found in cache.","service":"user-service"}
{"level":"info","message":"Course cmfvouc4w000av54wbumjsw04 cached.","service":"user-service"}
{"level":"info","message":"Course cmfvouc4w000av54wbumjsw04 found in cache.","service":"user-service"}
